The system is: Darwin - 16.7.0 - x86_64
Compiling the C compiler identification source file "CMakeCCompilerId.c" succeeded.
Compiler: /Library/Developer/CommandLineTools/usr/bin/cc 
Build flags: 
Id flags:  

The output was:
0


Compilation of the C compiler identification source "CMakeCCompilerId.c" produced "a.out"

The C compiler identification is AppleClang, found in "/Users/nabbas/Documents/TurbineModels/NREL_5MW/5MW_Baseline/ServoData/DISCON/build/CMakeFiles/3.13.2/CompilerIdC/a.out"

Compiling the CXX compiler identification source file "CMakeCXXCompilerId.cpp" succeeded.
Compiler: /Library/Developer/CommandLineTools/usr/bin/c++ 
Build flags: 
Id flags:  

The output was:
0


Compilation of the CXX compiler identification source "CMakeCXXCompilerId.cpp" produced "a.out"

The CXX compiler identification is AppleClang, found in "/Users/nabbas/Documents/TurbineModels/NREL_5MW/5MW_Baseline/ServoData/DISCON/build/CMakeFiles/3.13.2/CompilerIdCXX/a.out"

Determining if the C compiler works passed with the following output:
Change Dir: /Users/nabbas/Documents/TurbineModels/NREL_5MW/5MW_Baseline/ServoData/DISCON/build/CMakeFiles/CMakeTmp

Run Build Command:"/usr/bin/make" "cmTC_589b5/fast"
/Library/Developer/CommandLineTools/usr/bin/make -f CMakeFiles/cmTC_589b5.dir/build.make CMakeFiles/cmTC_589b5.dir/build
Building C object CMakeFiles/cmTC_589b5.dir/testCCompiler.c.o
/Library/Developer/CommandLineTools/usr/bin/cc    -o CMakeFiles/cmTC_589b5.dir/testCCompiler.c.o   -c /Users/nabbas/Documents/TurbineModels/NREL_5MW/5MW_Baseline/ServoData/DISCON/build/CMakeFiles/CMakeTmp/testCCompiler.c
Linking C executable cmTC_589b5
/usr/local/Cellar/cmake/3.13.2/bin/cmake -E cmake_link_script CMakeFiles/cmTC_589b5.dir/link.txt --verbose=1
/Library/Developer/CommandLineTools/usr/bin/cc   -Wl,-search_paths_first -Wl,-headerpad_max_install_names   CMakeFiles/cmTC_589b5.dir/testCCompiler.c.o  -o cmTC_589b5 


Detecting C compiler ABI info compiled with the following output:
Change Dir: /Users/nabbas/Documents/TurbineModels/NREL_5MW/5MW_Baseline/ServoData/DISCON/build/CMakeFiles/CMakeTmp

Run Build Command:"/usr/bin/make" "cmTC_1ca7e/fast"
/Library/Developer/CommandLineTools/usr/bin/make -f CMakeFiles/cmTC_1ca7e.dir/build.make CMakeFiles/cmTC_1ca7e.dir/build
Building C object CMakeFiles/cmTC_1ca7e.dir/CMakeCCompilerABI.c.o
/Library/Developer/CommandLineTools/usr/bin/cc    -o CMakeFiles/cmTC_1ca7e.dir/CMakeCCompilerABI.c.o   -c /usr/local/Cellar/cmake/3.13.2/share/cmake/Modules/CMakeCCompilerABI.c
Linking C executable cmTC_1ca7e
/usr/local/Cellar/cmake/3.13.2/bin/cmake -E cmake_link_script CMakeFiles/cmTC_1ca7e.dir/link.txt --verbose=1
/Library/Developer/CommandLineTools/usr/bin/cc   -Wl,-search_paths_first -Wl,-headerpad_max_install_names  -v -Wl,-v CMakeFiles/cmTC_1ca7e.dir/CMakeCCompilerABI.c.o  -o cmTC_1ca7e 
Apple LLVM version 9.0.0 (clang-900.0.39.2)
Target: x86_64-apple-darwin16.7.0
Thread model: posix
InstalledDir: /Library/Developer/CommandLineTools/usr/bin
 "/Library/Developer/CommandLineTools/usr/bin/ld" -demangle -lto_library /Library/Developer/CommandLineTools/usr/lib/libLTO.dylib -dynamic -arch x86_64 -macosx_version_min 10.12.0 -o cmTC_1ca7e -search_paths_first -headerpad_max_install_names -v CMakeFiles/cmTC_1ca7e.dir/CMakeCCompilerABI.c.o -lSystem /Library/Developer/CommandLineTools/usr/lib/clang/9.0.0/lib/darwin/libclang_rt.osx.a
@(#)PROGRAM:ld  PROJECT:ld64-305
configured to support archs: armv6 armv7 armv7s arm64 i386 x86_64 x86_64h armv6m armv7k armv7m armv7em (tvOS)
Library search paths:
	/usr/lib
	/usr/local/lib
Framework search paths:
	/Library/Frameworks/
	/System/Library/Frameworks/


Parsed C implicit link information from above output:
  link line regex: [^( *|.*[/\])(ld|CMAKE_LINK_STARTFILE-NOTFOUND|([^/\]+-)?ld|collect2)[^/\]*( |$)]
  ignore line: [Change Dir: /Users/nabbas/Documents/TurbineModels/NREL_5MW/5MW_Baseline/ServoData/DISCON/build/CMakeFiles/CMakeTmp]
  ignore line: []
  ignore line: [Run Build Command:"/usr/bin/make" "cmTC_1ca7e/fast"]
  ignore line: [/Library/Developer/CommandLineTools/usr/bin/make -f CMakeFiles/cmTC_1ca7e.dir/build.make CMakeFiles/cmTC_1ca7e.dir/build]
  ignore line: [Building C object CMakeFiles/cmTC_1ca7e.dir/CMakeCCompilerABI.c.o]
  ignore line: [/Library/Developer/CommandLineTools/usr/bin/cc    -o CMakeFiles/cmTC_1ca7e.dir/CMakeCCompilerABI.c.o   -c /usr/local/Cellar/cmake/3.13.2/share/cmake/Modules/CMakeCCompilerABI.c]
  ignore line: [Linking C executable cmTC_1ca7e]
  ignore line: [/usr/local/Cellar/cmake/3.13.2/bin/cmake -E cmake_link_script CMakeFiles/cmTC_1ca7e.dir/link.txt --verbose=1]
  ignore line: [/Library/Developer/CommandLineTools/usr/bin/cc   -Wl,-search_paths_first -Wl,-headerpad_max_install_names  -v -Wl,-v CMakeFiles/cmTC_1ca7e.dir/CMakeCCompilerABI.c.o  -o cmTC_1ca7e ]
  ignore line: [Apple LLVM version 9.0.0 (clang-900.0.39.2)]
  ignore line: [Target: x86_64-apple-darwin16.7.0]
  ignore line: [Thread model: posix]
  ignore line: [InstalledDir: /Library/Developer/CommandLineTools/usr/bin]
  link line: [ "/Library/Developer/CommandLineTools/usr/bin/ld" -demangle -lto_library /Library/Developer/CommandLineTools/usr/lib/libLTO.dylib -dynamic -arch x86_64 -macosx_version_min 10.12.0 -o cmTC_1ca7e -search_paths_first -headerpad_max_install_names -v CMakeFiles/cmTC_1ca7e.dir/CMakeCCompilerABI.c.o -lSystem /Library/Developer/CommandLineTools/usr/lib/clang/9.0.0/lib/darwin/libclang_rt.osx.a]
    arg [/Library/Developer/CommandLineTools/usr/bin/ld] ==> ignore
    arg [-demangle] ==> ignore
    arg [-lto_library] ==> ignore, skip following value
    arg [/Library/Developer/CommandLineTools/usr/lib/libLTO.dylib] ==> skip value of -lto_library
    arg [-dynamic] ==> ignore
    arg [-arch] ==> ignore
    arg [x86_64] ==> ignore
    arg [-macosx_version_min] ==> ignore
    arg [10.12.0] ==> ignore
    arg [-o] ==> ignore
    arg [cmTC_1ca7e] ==> ignore
    arg [-search_paths_first] ==> ignore
    arg [-headerpad_max_install_names] ==> ignore
    arg [-v] ==> ignore
    arg [CMakeFiles/cmTC_1ca7e.dir/CMakeCCompilerABI.c.o] ==> ignore
    arg [-lSystem] ==> lib [System]
    arg [/Library/Developer/CommandLineTools/usr/lib/clang/9.0.0/lib/darwin/libclang_rt.osx.a] ==> lib [/Library/Developer/CommandLineTools/usr/lib/clang/9.0.0/lib/darwin/libclang_rt.osx.a]
  Library search paths: [;/usr/lib;/usr/local/lib]
  Framework search paths: [;/Library/Frameworks/;/System/Library/Frameworks/]
  remove lib [System]
  remove lib [/Library/Developer/CommandLineTools/usr/lib/clang/9.0.0/lib/darwin/libclang_rt.osx.a]
  collapse library dir [/usr/lib] ==> [/usr/lib]
  collapse library dir [/usr/local/lib] ==> [/usr/local/lib]
  collapse framework dir [/Library/Frameworks/] ==> [/Library/Frameworks]
  collapse framework dir [/System/Library/Frameworks/] ==> [/System/Library/Frameworks]
  implicit libs: []
  implicit dirs: [/usr/lib;/usr/local/lib]
  implicit fwks: [/Library/Frameworks;/System/Library/Frameworks]




Detecting C [-std=c11] compiler features compiled with the following output:
Change Dir: /Users/nabbas/Documents/TurbineModels/NREL_5MW/5MW_Baseline/ServoData/DISCON/build/CMakeFiles/CMakeTmp

Run Build Command:"/usr/bin/make" "cmTC_ecc3f/fast"
/Library/Developer/CommandLineTools/usr/bin/make -f CMakeFiles/cmTC_ecc3f.dir/build.make CMakeFiles/cmTC_ecc3f.dir/build
Building C object CMakeFiles/cmTC_ecc3f.dir/feature_tests.c.o
/Library/Developer/CommandLineTools/usr/bin/cc   -std=c11 -o CMakeFiles/cmTC_ecc3f.dir/feature_tests.c.o   -c /Users/nabbas/Documents/TurbineModels/NREL_5MW/5MW_Baseline/ServoData/DISCON/build/CMakeFiles/feature_tests.c
Linking C executable cmTC_ecc3f
/usr/local/Cellar/cmake/3.13.2/bin/cmake -E cmake_link_script CMakeFiles/cmTC_ecc3f.dir/link.txt --verbose=1
/Library/Developer/CommandLineTools/usr/bin/cc   -Wl,-search_paths_first -Wl,-headerpad_max_install_names   CMakeFiles/cmTC_ecc3f.dir/feature_tests.c.o  -o cmTC_ecc3f 


    Feature record: C_FEATURE:1c_function_prototypes
    Feature record: C_FEATURE:1c_restrict
    Feature record: C_FEATURE:1c_static_assert
    Feature record: C_FEATURE:1c_variadic_macros


Detecting C [-std=c99] compiler features compiled with the following output:
Change Dir: /Users/nabbas/Documents/TurbineModels/NREL_5MW/5MW_Baseline/ServoData/DISCON/build/CMakeFiles/CMakeTmp

Run Build Command:"/usr/bin/make" "cmTC_4d54a/fast"
/Library/Developer/CommandLineTools/usr/bin/make -f CMakeFiles/cmTC_4d54a.dir/build.make CMakeFiles/cmTC_4d54a.dir/build
Building C object CMakeFiles/cmTC_4d54a.dir/feature_tests.c.o
/Library/Developer/CommandLineTools/usr/bin/cc   -std=c99 -o CMakeFiles/cmTC_4d54a.dir/feature_tests.c.o   -c /Users/nabbas/Documents/TurbineModels/NREL_5MW/5MW_Baseline/ServoData/DISCON/build/CMakeFiles/feature_tests.c
Linking C executable cmTC_4d54a
/usr/local/Cellar/cmake/3.13.2/bin/cmake -E cmake_link_script CMakeFiles/cmTC_4d54a.dir/link.txt --verbose=1
/Library/Developer/CommandLineTools/usr/bin/cc   -Wl,-search_paths_first -Wl,-headerpad_max_install_names   CMakeFiles/cmTC_4d54a.dir/feature_tests.c.o  -o cmTC_4d54a 


    Feature record: C_FEATURE:1c_function_prototypes
    Feature record: C_FEATURE:1c_restrict
    Feature record: C_FEATURE:0c_static_assert
    Feature record: C_FEATURE:1c_variadic_macros


Detecting C [-std=c90] compiler features compiled with the following output:
Change Dir: /Users/nabbas/Documents/TurbineModels/NREL_5MW/5MW_Baseline/ServoData/DISCON/build/CMakeFiles/CMakeTmp

Run Build Command:"/usr/bin/make" "cmTC_14aa6/fast"
/Library/Developer/CommandLineTools/usr/bin/make -f CMakeFiles/cmTC_14aa6.dir/build.make CMakeFiles/cmTC_14aa6.dir/build
Building C object CMakeFiles/cmTC_14aa6.dir/feature_tests.c.o
/Library/Developer/CommandLineTools/usr/bin/cc   -std=c90 -o CMakeFiles/cmTC_14aa6.dir/feature_tests.c.o   -c /Users/nabbas/Documents/TurbineModels/NREL_5MW/5MW_Baseline/ServoData/DISCON/build/CMakeFiles/feature_tests.c
Linking C executable cmTC_14aa6
/usr/local/Cellar/cmake/3.13.2/bin/cmake -E cmake_link_script CMakeFiles/cmTC_14aa6.dir/link.txt --verbose=1
/Library/Developer/CommandLineTools/usr/bin/cc   -Wl,-search_paths_first -Wl,-headerpad_max_install_names   CMakeFiles/cmTC_14aa6.dir/feature_tests.c.o  -o cmTC_14aa6 


    Feature record: C_FEATURE:1c_function_prototypes
    Feature record: C_FEATURE:0c_restrict
    Feature record: C_FEATURE:0c_static_assert
    Feature record: C_FEATURE:0c_variadic_macros
Determining if the CXX compiler works passed with the following output:
Change Dir: /Users/nabbas/Documents/TurbineModels/NREL_5MW/5MW_Baseline/ServoData/DISCON/build/CMakeFiles/CMakeTmp

Run Build Command:"/usr/bin/make" "cmTC_ee3ca/fast"
/Library/Developer/CommandLineTools/usr/bin/make -f CMakeFiles/cmTC_ee3ca.dir/build.make CMakeFiles/cmTC_ee3ca.dir/build
Building CXX object CMakeFiles/cmTC_ee3ca.dir/testCXXCompiler.cxx.o
/Library/Developer/CommandLineTools/usr/bin/c++     -o CMakeFiles/cmTC_ee3ca.dir/testCXXCompiler.cxx.o -c /Users/nabbas/Documents/TurbineModels/NREL_5MW/5MW_Baseline/ServoData/DISCON/build/CMakeFiles/CMakeTmp/testCXXCompiler.cxx
Linking CXX executable cmTC_ee3ca
/usr/local/Cellar/cmake/3.13.2/bin/cmake -E cmake_link_script CMakeFiles/cmTC_ee3ca.dir/link.txt --verbose=1
/Library/Developer/CommandLineTools/usr/bin/c++    -Wl,-search_paths_first -Wl,-headerpad_max_install_names   CMakeFiles/cmTC_ee3ca.dir/testCXXCompiler.cxx.o  -o cmTC_ee3ca 


Detecting CXX compiler ABI info compiled with the following output:
Change Dir: /Users/nabbas/Documents/TurbineModels/NREL_5MW/5MW_Baseline/ServoData/DISCON/build/CMakeFiles/CMakeTmp

Run Build Command:"/usr/bin/make" "cmTC_07007/fast"
/Library/Developer/CommandLineTools/usr/bin/make -f CMakeFiles/cmTC_07007.dir/build.make CMakeFiles/cmTC_07007.dir/build
Building CXX object CMakeFiles/cmTC_07007.dir/CMakeCXXCompilerABI.cpp.o
/Library/Developer/CommandLineTools/usr/bin/c++     -o CMakeFiles/cmTC_07007.dir/CMakeCXXCompilerABI.cpp.o -c /usr/local/Cellar/cmake/3.13.2/share/cmake/Modules/CMakeCXXCompilerABI.cpp
Linking CXX executable cmTC_07007
/usr/local/Cellar/cmake/3.13.2/bin/cmake -E cmake_link_script CMakeFiles/cmTC_07007.dir/link.txt --verbose=1
/Library/Developer/CommandLineTools/usr/bin/c++    -Wl,-search_paths_first -Wl,-headerpad_max_install_names  -v -Wl,-v CMakeFiles/cmTC_07007.dir/CMakeCXXCompilerABI.cpp.o  -o cmTC_07007 
Apple LLVM version 9.0.0 (clang-900.0.39.2)
Target: x86_64-apple-darwin16.7.0
Thread model: posix
InstalledDir: /Library/Developer/CommandLineTools/usr/bin
 "/Library/Developer/CommandLineTools/usr/bin/ld" -demangle -lto_library /Library/Developer/CommandLineTools/usr/lib/libLTO.dylib -dynamic -arch x86_64 -macosx_version_min 10.12.0 -o cmTC_07007 -search_paths_first -headerpad_max_install_names -v CMakeFiles/cmTC_07007.dir/CMakeCXXCompilerABI.cpp.o -lc++ -lSystem /Library/Developer/CommandLineTools/usr/lib/clang/9.0.0/lib/darwin/libclang_rt.osx.a
@(#)PROGRAM:ld  PROJECT:ld64-305
configured to support archs: armv6 armv7 armv7s arm64 i386 x86_64 x86_64h armv6m armv7k armv7m armv7em (tvOS)
Library search paths:
	/usr/lib
	/usr/local/lib
Framework search paths:
	/Library/Frameworks/
	/System/Library/Frameworks/


Parsed CXX implicit link information from above output:
  link line regex: [^( *|.*[/\])(ld|CMAKE_LINK_STARTFILE-NOTFOUND|([^/\]+-)?ld|collect2)[^/\]*( |$)]
  ignore line: [Change Dir: /Users/nabbas/Documents/TurbineModels/NREL_5MW/5MW_Baseline/ServoData/DISCON/build/CMakeFiles/CMakeTmp]
  ignore line: []
  ignore line: [Run Build Command:"/usr/bin/make" "cmTC_07007/fast"]
  ignore line: [/Library/Developer/CommandLineTools/usr/bin/make -f CMakeFiles/cmTC_07007.dir/build.make CMakeFiles/cmTC_07007.dir/build]
  ignore line: [Building CXX object CMakeFiles/cmTC_07007.dir/CMakeCXXCompilerABI.cpp.o]
  ignore line: [/Library/Developer/CommandLineTools/usr/bin/c++     -o CMakeFiles/cmTC_07007.dir/CMakeCXXCompilerABI.cpp.o -c /usr/local/Cellar/cmake/3.13.2/share/cmake/Modules/CMakeCXXCompilerABI.cpp]
  ignore line: [Linking CXX executable cmTC_07007]
  ignore line: [/usr/local/Cellar/cmake/3.13.2/bin/cmake -E cmake_link_script CMakeFiles/cmTC_07007.dir/link.txt --verbose=1]
  ignore line: [/Library/Developer/CommandLineTools/usr/bin/c++    -Wl,-search_paths_first -Wl,-headerpad_max_install_names  -v -Wl,-v CMakeFiles/cmTC_07007.dir/CMakeCXXCompilerABI.cpp.o  -o cmTC_07007 ]
  ignore line: [Apple LLVM version 9.0.0 (clang-900.0.39.2)]
  ignore line: [Target: x86_64-apple-darwin16.7.0]
  ignore line: [Thread model: posix]
  ignore line: [InstalledDir: /Library/Developer/CommandLineTools/usr/bin]
  link line: [ "/Library/Developer/CommandLineTools/usr/bin/ld" -demangle -lto_library /Library/Developer/CommandLineTools/usr/lib/libLTO.dylib -dynamic -arch x86_64 -macosx_version_min 10.12.0 -o cmTC_07007 -search_paths_first -headerpad_max_install_names -v CMakeFiles/cmTC_07007.dir/CMakeCXXCompilerABI.cpp.o -lc++ -lSystem /Library/Developer/CommandLineTools/usr/lib/clang/9.0.0/lib/darwin/libclang_rt.osx.a]
    arg [/Library/Developer/CommandLineTools/usr/bin/ld] ==> ignore
    arg [-demangle] ==> ignore
    arg [-lto_library] ==> ignore, skip following value
    arg [/Library/Developer/CommandLineTools/usr/lib/libLTO.dylib] ==> skip value of -lto_library
    arg [-dynamic] ==> ignore
    arg [-arch] ==> ignore
    arg [x86_64] ==> ignore
    arg [-macosx_version_min] ==> ignore
    arg [10.12.0] ==> ignore
    arg [-o] ==> ignore
    arg [cmTC_07007] ==> ignore
    arg [-search_paths_first] ==> ignore
    arg [-headerpad_max_install_names] ==> ignore
    arg [-v] ==> ignore
    arg [CMakeFiles/cmTC_07007.dir/CMakeCXXCompilerABI.cpp.o] ==> ignore
    arg [-lc++] ==> lib [c++]
    arg [-lSystem] ==> lib [System]
    arg [/Library/Developer/CommandLineTools/usr/lib/clang/9.0.0/lib/darwin/libclang_rt.osx.a] ==> lib [/Library/Developer/CommandLineTools/usr/lib/clang/9.0.0/lib/darwin/libclang_rt.osx.a]
  Library search paths: [;/usr/lib;/usr/local/lib]
  Framework search paths: [;/Library/Frameworks/;/System/Library/Frameworks/]
  remove lib [System]
  remove lib [/Library/Developer/CommandLineTools/usr/lib/clang/9.0.0/lib/darwin/libclang_rt.osx.a]
  collapse library dir [/usr/lib] ==> [/usr/lib]
  collapse library dir [/usr/local/lib] ==> [/usr/local/lib]
  collapse framework dir [/Library/Frameworks/] ==> [/Library/Frameworks]
  collapse framework dir [/System/Library/Frameworks/] ==> [/System/Library/Frameworks]
  implicit libs: [c++]
  implicit dirs: [/usr/lib;/usr/local/lib]
  implicit fwks: [/Library/Frameworks;/System/Library/Frameworks]




Detecting CXX [-std=c++1z] compiler features compiled with the following output:
Change Dir: /Users/nabbas/Documents/TurbineModels/NREL_5MW/5MW_Baseline/ServoData/DISCON/build/CMakeFiles/CMakeTmp

Run Build Command:"/usr/bin/make" "cmTC_f81c2/fast"
/Library/Developer/CommandLineTools/usr/bin/make -f CMakeFiles/cmTC_f81c2.dir/build.make CMakeFiles/cmTC_f81c2.dir/build
Building CXX object CMakeFiles/cmTC_f81c2.dir/feature_tests.cxx.o
/Library/Developer/CommandLineTools/usr/bin/c++    -std=c++1z -o CMakeFiles/cmTC_f81c2.dir/feature_tests.cxx.o -c /Users/nabbas/Documents/TurbineModels/NREL_5MW/5MW_Baseline/ServoData/DISCON/build/CMakeFiles/feature_tests.cxx
Linking CXX executable cmTC_f81c2
/usr/local/Cellar/cmake/3.13.2/bin/cmake -E cmake_link_script CMakeFiles/cmTC_f81c2.dir/link.txt --verbose=1
/Library/Developer/CommandLineTools/usr/bin/c++    -Wl,-search_paths_first -Wl,-headerpad_max_install_names   CMakeFiles/cmTC_f81c2.dir/feature_tests.cxx.o  -o cmTC_f81c2 


    Feature record: CXX_FEATURE:1cxx_aggregate_default_initializers
    Feature record: CXX_FEATURE:1cxx_alias_templates
    Feature record: CXX_FEATURE:1cxx_alignas
    Feature record: CXX_FEATURE:1cxx_alignof
    Feature record: CXX_FEATURE:1cxx_attributes
    Feature record: CXX_FEATURE:1cxx_attribute_deprecated
    Feature record: CXX_FEATURE:1cxx_auto_type
    Feature record: CXX_FEATURE:1cxx_binary_literals
    Feature record: CXX_FEATURE:1cxx_constexpr
    Feature record: CXX_FEATURE:1cxx_contextual_conversions
    Feature record: CXX_FEATURE:1cxx_decltype
    Feature record: CXX_FEATURE:1cxx_decltype_auto
    Feature record: CXX_FEATURE:1cxx_decltype_incomplete_return_types
    Feature record: CXX_FEATURE:1cxx_default_function_template_args
    Feature record: CXX_FEATURE:1cxx_defaulted_functions
    Feature record: CXX_FEATURE:1cxx_defaulted_move_initializers
    Feature record: CXX_FEATURE:1cxx_delegating_constructors
    Feature record: CXX_FEATURE:1cxx_deleted_functions
    Feature record: CXX_FEATURE:1cxx_digit_separators
    Feature record: CXX_FEATURE:1cxx_enum_forward_declarations
    Feature record: CXX_FEATURE:1cxx_explicit_conversions
    Feature record: CXX_FEATURE:1cxx_extended_friend_declarations
    Feature record: CXX_FEATURE:1cxx_extern_templates
    Feature record: CXX_FEATURE:1cxx_final
    Feature record: CXX_FEATURE:1cxx_func_identifier
    Feature record: CXX_FEATURE:1cxx_generalized_initializers
    Feature record: CXX_FEATURE:1cxx_generic_lambdas
    Feature record: CXX_FEATURE:1cxx_inheriting_constructors
    Feature record: CXX_FEATURE:1cxx_inline_namespaces
    Feature record: CXX_FEATURE:1cxx_lambdas
    Feature record: CXX_FEATURE:1cxx_lambda_init_captures
    Feature record: CXX_FEATURE:1cxx_local_type_template_args
    Feature record: CXX_FEATURE:1cxx_long_long_type
    Feature record: CXX_FEATURE:1cxx_noexcept
    Feature record: CXX_FEATURE:1cxx_nonstatic_member_init
    Feature record: CXX_FEATURE:1cxx_nullptr
    Feature record: CXX_FEATURE:1cxx_override
    Feature record: CXX_FEATURE:1cxx_range_for
    Feature record: CXX_FEATURE:1cxx_raw_string_literals
    Feature record: CXX_FEATURE:1cxx_reference_qualified_functions
    Feature record: CXX_FEATURE:1cxx_relaxed_constexpr
    Feature record: CXX_FEATURE:1cxx_return_type_deduction
    Feature record: CXX_FEATURE:1cxx_right_angle_brackets
    Feature record: CXX_FEATURE:1cxx_rvalue_references
    Feature record: CXX_FEATURE:1cxx_sizeof_member
    Feature record: CXX_FEATURE:1cxx_static_assert
    Feature record: CXX_FEATURE:1cxx_strong_enums
    Feature record: CXX_FEATURE:1cxx_template_template_parameters
    Feature record: CXX_FEATURE:1cxx_thread_local
    Feature record: CXX_FEATURE:1cxx_trailing_return_types
    Feature record: CXX_FEATURE:1cxx_unicode_literals
    Feature record: CXX_FEATURE:1cxx_uniform_initialization
    Feature record: CXX_FEATURE:1cxx_unrestricted_unions
    Feature record: CXX_FEATURE:1cxx_user_literals
    Feature record: CXX_FEATURE:1cxx_variable_templates
    Feature record: CXX_FEATURE:1cxx_variadic_macros
    Feature record: CXX_FEATURE:1cxx_variadic_templates


Detecting CXX [-std=c++14] compiler features compiled with the following output:
Change Dir: /Users/nabbas/Documents/TurbineModels/NREL_5MW/5MW_Baseline/ServoData/DISCON/build/CMakeFiles/CMakeTmp

Run Build Command:"/usr/bin/make" "cmTC_5c5a9/fast"
/Library/Developer/CommandLineTools/usr/bin/make -f CMakeFiles/cmTC_5c5a9.dir/build.make CMakeFiles/cmTC_5c5a9.dir/build
Building CXX object CMakeFiles/cmTC_5c5a9.dir/feature_tests.cxx.o
/Library/Developer/CommandLineTools/usr/bin/c++    -std=c++14 -o CMakeFiles/cmTC_5c5a9.dir/feature_tests.cxx.o -c /Users/nabbas/Documents/TurbineModels/NREL_5MW/5MW_Baseline/ServoData/DISCON/build/CMakeFiles/feature_tests.cxx
Linking CXX executable cmTC_5c5a9
/usr/local/Cellar/cmake/3.13.2/bin/cmake -E cmake_link_script CMakeFiles/cmTC_5c5a9.dir/link.txt --verbose=1
/Library/Developer/CommandLineTools/usr/bin/c++    -Wl,-search_paths_first -Wl,-headerpad_max_install_names   CMakeFiles/cmTC_5c5a9.dir/feature_tests.cxx.o  -o cmTC_5c5a9 


    Feature record: CXX_FEATURE:1cxx_aggregate_default_initializers
    Feature record: CXX_FEATURE:1cxx_alias_templates
    Feature record: CXX_FEATURE:1cxx_alignas
    Feature record: CXX_FEATURE:1cxx_alignof
    Feature record: CXX_FEATURE:1cxx_attributes
    Feature record: CXX_FEATURE:1cxx_attribute_deprecated
    Feature record: CXX_FEATURE:1cxx_auto_type
    Feature record: CXX_FEATURE:1cxx_binary_literals
    Feature record: CXX_FEATURE:1cxx_constexpr
    Feature record: CXX_FEATURE:1cxx_contextual_conversions
    Feature record: CXX_FEATURE:1cxx_decltype
    Feature record: CXX_FEATURE:1cxx_decltype_auto
    Feature record: CXX_FEATURE:1cxx_decltype_incomplete_return_types
    Feature record: CXX_FEATURE:1cxx_default_function_template_args
    Feature record: CXX_FEATURE:1cxx_defaulted_functions
    Feature record: CXX_FEATURE:1cxx_defaulted_move_initializers
    Feature record: CXX_FEATURE:1cxx_delegating_constructors
    Feature record: CXX_FEATURE:1cxx_deleted_functions
    Feature record: CXX_FEATURE:1cxx_digit_separators
    Feature record: CXX_FEATURE:1cxx_enum_forward_declarations
    Feature record: CXX_FEATURE:1cxx_explicit_conversions
    Feature record: CXX_FEATURE:1cxx_extended_friend_declarations
    Feature record: CXX_FEATURE:1cxx_extern_templates
    Feature record: CXX_FEATURE:1cxx_final
    Feature record: CXX_FEATURE:1cxx_func_identifier
    Feature record: CXX_FEATURE:1cxx_generalized_initializers
    Feature record: CXX_FEATURE:1cxx_generic_lambdas
    Feature record: CXX_FEATURE:1cxx_inheriting_constructors
    Feature record: CXX_FEATURE:1cxx_inline_namespaces
    Feature record: CXX_FEATURE:1cxx_lambdas
    Feature record: CXX_FEATURE:1cxx_lambda_init_captures
    Feature record: CXX_FEATURE:1cxx_local_type_template_args
    Feature record: CXX_FEATURE:1cxx_long_long_type
    Feature record: CXX_FEATURE:1cxx_noexcept
    Feature record: CXX_FEATURE:1cxx_nonstatic_member_init
    Feature record: CXX_FEATURE:1cxx_nullptr
    Feature record: CXX_FEATURE:1cxx_override
    Feature record: CXX_FEATURE:1cxx_range_for
    Feature record: CXX_FEATURE:1cxx_raw_string_literals
    Feature record: CXX_FEATURE:1cxx_reference_qualified_functions
    Feature record: CXX_FEATURE:1cxx_relaxed_constexpr
    Feature record: CXX_FEATURE:1cxx_return_type_deduction
    Feature record: CXX_FEATURE:1cxx_right_angle_brackets
    Feature record: CXX_FEATURE:1cxx_rvalue_references
    Feature record: CXX_FEATURE:1cxx_sizeof_member
    Feature record: CXX_FEATURE:1cxx_static_assert
    Feature record: CXX_FEATURE:1cxx_strong_enums
    Feature record: CXX_FEATURE:1cxx_template_template_parameters
    Feature record: CXX_FEATURE:1cxx_thread_local
    Feature record: CXX_FEATURE:1cxx_trailing_return_types
    Feature record: CXX_FEATURE:1cxx_unicode_literals
    Feature record: CXX_FEATURE:1cxx_uniform_initialization
    Feature record: CXX_FEATURE:1cxx_unrestricted_unions
    Feature record: CXX_FEATURE:1cxx_user_literals
    Feature record: CXX_FEATURE:1cxx_variable_templates
    Feature record: CXX_FEATURE:1cxx_variadic_macros
    Feature record: CXX_FEATURE:1cxx_variadic_templates


Detecting CXX [-std=c++11] compiler features compiled with the following output:
Change Dir: /Users/nabbas/Documents/TurbineModels/NREL_5MW/5MW_Baseline/ServoData/DISCON/build/CMakeFiles/CMakeTmp

Run Build Command:"/usr/bin/make" "cmTC_85a7e/fast"
/Library/Developer/CommandLineTools/usr/bin/make -f CMakeFiles/cmTC_85a7e.dir/build.make CMakeFiles/cmTC_85a7e.dir/build
Building CXX object CMakeFiles/cmTC_85a7e.dir/feature_tests.cxx.o
/Library/Developer/CommandLineTools/usr/bin/c++    -std=c++11 -o CMakeFiles/cmTC_85a7e.dir/feature_tests.cxx.o -c /Users/nabbas/Documents/TurbineModels/NREL_5MW/5MW_Baseline/ServoData/DISCON/build/CMakeFiles/feature_tests.cxx
Linking CXX executable cmTC_85a7e
/usr/local/Cellar/cmake/3.13.2/bin/cmake -E cmake_link_script CMakeFiles/cmTC_85a7e.dir/link.txt --verbose=1
/Library/Developer/CommandLineTools/usr/bin/c++    -Wl,-search_paths_first -Wl,-headerpad_max_install_names   CMakeFiles/cmTC_85a7e.dir/feature_tests.cxx.o  -o cmTC_85a7e 


    Feature record: CXX_FEATURE:0cxx_aggregate_default_initializers
    Feature record: CXX_FEATURE:1cxx_alias_templates
    Feature record: CXX_FEATURE:1cxx_alignas
    Feature record: CXX_FEATURE:1cxx_alignof
    Feature record: CXX_FEATURE:1cxx_attributes
    Feature record: CXX_FEATURE:0cxx_attribute_deprecated
    Feature record: CXX_FEATURE:1cxx_auto_type
    Feature record: CXX_FEATURE:0cxx_binary_literals
    Feature record: CXX_FEATURE:1cxx_constexpr
    Feature record: CXX_FEATURE:0cxx_contextual_conversions
    Feature record: CXX_FEATURE:1cxx_decltype
    Feature record: CXX_FEATURE:0cxx_decltype_auto
    Feature record: CXX_FEATURE:1cxx_decltype_incomplete_return_types
    Feature record: CXX_FEATURE:1cxx_default_function_template_args
    Feature record: CXX_FEATURE:1cxx_defaulted_functions
    Feature record: CXX_FEATURE:1cxx_defaulted_move_initializers
    Feature record: CXX_FEATURE:1cxx_delegating_constructors
    Feature record: CXX_FEATURE:1cxx_deleted_functions
    Feature record: CXX_FEATURE:0cxx_digit_separators
    Feature record: CXX_FEATURE:1cxx_enum_forward_declarations
    Feature record: CXX_FEATURE:1cxx_explicit_conversions
    Feature record: CXX_FEATURE:1cxx_extended_friend_declarations
    Feature record: CXX_FEATURE:1cxx_extern_templates
    Feature record: CXX_FEATURE:1cxx_final
    Feature record: CXX_FEATURE:1cxx_func_identifier
    Feature record: CXX_FEATURE:1cxx_generalized_initializers
    Feature record: CXX_FEATURE:0cxx_generic_lambdas
    Feature record: CXX_FEATURE:1cxx_inheriting_constructors
    Feature record: CXX_FEATURE:1cxx_inline_namespaces
    Feature record: CXX_FEATURE:1cxx_lambdas
    Feature record: CXX_FEATURE:0cxx_lambda_init_captures
    Feature record: CXX_FEATURE:1cxx_local_type_template_args
    Feature record: CXX_FEATURE:1cxx_long_long_type
    Feature record: CXX_FEATURE:1cxx_noexcept
    Feature record: CXX_FEATURE:1cxx_nonstatic_member_init
    Feature record: CXX_FEATURE:1cxx_nullptr
    Feature record: CXX_FEATURE:1cxx_override
    Feature record: CXX_FEATURE:1cxx_range_for
    Feature record: CXX_FEATURE:1cxx_raw_string_literals
    Feature record: CXX_FEATURE:1cxx_reference_qualified_functions
    Feature record: CXX_FEATURE:0cxx_relaxed_constexpr
    Feature record: CXX_FEATURE:0cxx_return_type_deduction
    Feature record: CXX_FEATURE:1cxx_right_angle_brackets
    Feature record: CXX_FEATURE:1cxx_rvalue_references
    Feature record: CXX_FEATURE:1cxx_sizeof_member
    Feature record: CXX_FEATURE:1cxx_static_assert
    Feature record: CXX_FEATURE:1cxx_strong_enums
    Feature record: CXX_FEATURE:1cxx_template_template_parameters
    Feature record: CXX_FEATURE:1cxx_thread_local
    Feature record: CXX_FEATURE:1cxx_trailing_return_types
    Feature record: CXX_FEATURE:1cxx_unicode_literals
    Feature record: CXX_FEATURE:1cxx_uniform_initialization
    Feature record: CXX_FEATURE:1cxx_unrestricted_unions
    Feature record: CXX_FEATURE:1cxx_user_literals
    Feature record: CXX_FEATURE:0cxx_variable_templates
    Feature record: CXX_FEATURE:1cxx_variadic_macros
    Feature record: CXX_FEATURE:1cxx_variadic_templates


Detecting CXX [-std=c++98] compiler features compiled with the following output:
Change Dir: /Users/nabbas/Documents/TurbineModels/NREL_5MW/5MW_Baseline/ServoData/DISCON/build/CMakeFiles/CMakeTmp

Run Build Command:"/usr/bin/make" "cmTC_d0be4/fast"
/Library/Developer/CommandLineTools/usr/bin/make -f CMakeFiles/cmTC_d0be4.dir/build.make CMakeFiles/cmTC_d0be4.dir/build
Building CXX object CMakeFiles/cmTC_d0be4.dir/feature_tests.cxx.o
/Library/Developer/CommandLineTools/usr/bin/c++    -std=c++98 -o CMakeFiles/cmTC_d0be4.dir/feature_tests.cxx.o -c /Users/nabbas/Documents/TurbineModels/NREL_5MW/5MW_Baseline/ServoData/DISCON/build/CMakeFiles/feature_tests.cxx
Linking CXX executable cmTC_d0be4
/usr/local/Cellar/cmake/3.13.2/bin/cmake -E cmake_link_script CMakeFiles/cmTC_d0be4.dir/link.txt --verbose=1
/Library/Developer/CommandLineTools/usr/bin/c++    -Wl,-search_paths_first -Wl,-headerpad_max_install_names   CMakeFiles/cmTC_d0be4.dir/feature_tests.cxx.o  -o cmTC_d0be4 


    Feature record: CXX_FEATURE:0cxx_aggregate_default_initializers
    Feature record: CXX_FEATURE:0cxx_alias_templates
    Feature record: CXX_FEATURE:0cxx_alignas
    Feature record: CXX_FEATURE:0cxx_alignof
    Feature record: CXX_FEATURE:0cxx_attributes
    Feature record: CXX_FEATURE:0cxx_attribute_deprecated
    Feature record: CXX_FEATURE:0cxx_auto_type
    Feature record: CXX_FEATURE:0cxx_binary_literals
    Feature record: CXX_FEATURE:0cxx_constexpr
    Feature record: CXX_FEATURE:0cxx_contextual_conversions
    Feature record: CXX_FEATURE:0cxx_decltype
    Feature record: CXX_FEATURE:0cxx_decltype_auto
    Feature record: CXX_FEATURE:0cxx_decltype_incomplete_return_types
    Feature record: CXX_FEATURE:0cxx_default_function_template_args
    Feature record: CXX_FEATURE:0cxx_defaulted_functions
    Feature record: CXX_FEATURE:0cxx_defaulted_move_initializers
    Feature record: CXX_FEATURE:0cxx_delegating_constructors
    Feature record: CXX_FEATURE:0cxx_deleted_functions
    Feature record: CXX_FEATURE:0cxx_digit_separators
    Feature record: CXX_FEATURE:0cxx_enum_forward_declarations
    Feature record: CXX_FEATURE:0cxx_explicit_conversions
    Feature record: CXX_FEATURE:0cxx_extended_friend_declarations
    Feature record: CXX_FEATURE:0cxx_extern_templates
    Feature record: CXX_FEATURE:0cxx_final
    Feature record: CXX_FEATURE:0cxx_func_identifier
    Feature record: CXX_FEATURE:0cxx_generalized_initializers
    Feature record: CXX_FEATURE:0cxx_generic_lambdas
    Feature record: CXX_FEATURE:0cxx_inheriting_constructors
    Feature record: CXX_FEATURE:0cxx_inline_namespaces
    Feature record: CXX_FEATURE:0cxx_lambdas
    Feature record: CXX_FEATURE:0cxx_lambda_init_captures
    Feature record: CXX_FEATURE:0cxx_local_type_template_args
    Feature record: CXX_FEATURE:0cxx_long_long_type
    Feature record: CXX_FEATURE:0cxx_noexcept
    Feature record: CXX_FEATURE:0cxx_nonstatic_member_init
    Feature record: CXX_FEATURE:0cxx_nullptr
    Feature record: CXX_FEATURE:0cxx_override
    Feature record: CXX_FEATURE:0cxx_range_for
    Feature record: CXX_FEATURE:0cxx_raw_string_literals
    Feature record: CXX_FEATURE:0cxx_reference_qualified_functions
    Feature record: CXX_FEATURE:0cxx_relaxed_constexpr
    Feature record: CXX_FEATURE:0cxx_return_type_deduction
    Feature record: CXX_FEATURE:0cxx_right_angle_brackets
    Feature record: CXX_FEATURE:0cxx_rvalue_references
    Feature record: CXX_FEATURE:0cxx_sizeof_member
    Feature record: CXX_FEATURE:0cxx_static_assert
    Feature record: CXX_FEATURE:0cxx_strong_enums
    Feature record: CXX_FEATURE:1cxx_template_template_parameters
    Feature record: CXX_FEATURE:0cxx_thread_local
    Feature record: CXX_FEATURE:0cxx_trailing_return_types
    Feature record: CXX_FEATURE:0cxx_unicode_literals
    Feature record: CXX_FEATURE:0cxx_uniform_initialization
    Feature record: CXX_FEATURE:0cxx_unrestricted_unions
    Feature record: CXX_FEATURE:0cxx_user_literals
    Feature record: CXX_FEATURE:0cxx_variable_templates
    Feature record: CXX_FEATURE:0cxx_variadic_macros
    Feature record: CXX_FEATURE:0cxx_variadic_templates
Compiling the Fortran compiler identification source file "CMakeFortranCompilerId.F" succeeded.
Compiler: /usr/local/bin/ifort 
Build flags: 
Id flags: -v 

The output was:
0
ifort version 18.0.3
/opt/intel/compilers_and_libraries_2018.3.185/mac/bin/intel64/fpp    -D__INTEL_COMPILER=1800 -D__INTEL_COMPILER_UPDATE=3 -D__x86_64 -D__x86_64__ -D__amd64 -D__amd64__ -D__INTEL_COMPILER_BUILD_DATE=20180410 -D__PIC__ -D__APPLE__ -D__MACH__ -D__pentium4 -D__pentium4__ -D__tune_pentium4__ -D__SSE2__ -D__SSE2_MATH__ -D__SSE3__ -D__SSSE3__ -D__SSE__ -D__SSE_MATH__ -D__MMX__ -I. -I/opt/intel/compilers_and_libraries_2018.3.185/mac/compiler/include/intel64 -I/opt/intel/compilers_and_libraries_2018.3.185/mac/compiler/include/icc -I/opt/intel/compilers_and_libraries_2018.3.185/mac/compiler/include -I/Library/Developer/CommandLineTools/usr/lib/clang/9.0.0/include -I/usr/local/include -I/usr/include/ -I/usr/include -fixed -4Ycpp -4Ncvf -f_com=yes -MX CMakeFortranCompilerId.F /var/folders/fq/_1qxt_2s0mxg3tv39w5dprb1tx86zq/T/ifortsjiwqq.i
#include "..." search starts here:
#include <...> search starts here:
 .
 /opt/intel/compilers_and_libraries_2018.3.185/mac/compiler/include/intel64
 /opt/intel/compilers_and_libraries_2018.3.185/mac/compiler/include/icc
 /opt/intel/compilers_and_libraries_2018.3.185/mac/compiler/include
 /Library/Developer/CommandLineTools/usr/lib/clang/9.0.0/include
 /usr/local/include
 /usr/include/
 /usr/include
End of search list.
/opt/intel/compilers_and_libraries_2018.3.185/mac/bin/intel64/fortcom    -D__INTEL_COMPILER=1800 -D__INTEL_COMPILER_UPDATE=3 -D__x86_64 -D__x86_64__ -D__amd64 -D__amd64__ -D__INTEL_COMPILER_BUILD_DATE=20180410 -D__PIC__ -D__APPLE__ -D__MACH__ -D__pentium4 -D__pentium4__ -D__tune_pentium4__ -D__SSE2__ -D__SSE2_MATH__ -D__SSE3__ -D__SSSE3__ -D__SSE__ -D__SSE_MATH__ -D__MMX__ -mGLOB_pack_sort_init_list -I. -I/opt/intel/compilers_and_libraries_2018.3.185/mac/compiler/include/intel64 -I/opt/intel/compilers_and_libraries_2018.3.185/mac/compiler/include/icc -I/opt/intel/compilers_and_libraries_2018.3.185/mac/compiler/include -I/Library/Developer/CommandLineTools/usr/lib/clang/9.0.0/include -I/usr/local/include -I/usr/include/ -I/usr/include -O2 "-reentrancy threaded" -simd -mGLOB_em64t=TRUE -mP1OPT_version=18.0-intel64 -mGLOB_diag_file=/var/folders/fq/_1qxt_2s0mxg3tv39w5dprb1tx86zq/T/ifortukJhCp.diag -mGLOB_diag_use_message_catalog=FALSE -mGLOB_long_size_64 -mGLOB_routine_pointer_size_64 -mGLOB_source_language=GLOB_SOURCE_LANGUAGE_F90 -mP2OPT_static_promotion -mP1OPT_print_version=FALSE -mCG_use_gas_got_workaround=F -mP2OPT_align_option_used=TRUE -mGLOB_gcc_version=490 -mGLOB_options_string=-v -mGLOB_position_independent_code -mGLOB_preemption_model=1 -mGLOB_no_compact_unwind=TRUE -mGLOB_cxx_limited_range=FALSE -mCG_extend_parms=FALSE -mGLOB_compiler_bin_directory=/opt/intel/compilers_and_libraries_2018.3.185/mac/bin/intel64 -mGLOB_as_output_backup_file_name=/var/folders/fq/_1qxt_2s0mxg3tv39w5dprb1tx86zq/T/ifortalmgwhas_.s -mGLOB_dashboard_use_source_name -mIPOPT_activate -mIPOPT_lite -mGLOB_instruction_tuning=0x0 -mGLOB_uarch_tuning=0x0 -mGLOB_product_id_code=0x22006d90 -mCG_bnl_movbe=T -mGLOB_extended_instructions=0x80 -mP3OPT_use_mspp_call_convention -mP2OPT_subs_out_of_bound=FALSE -mP2OPT_disam_type_based_disam=2 -mGLOB_ansi_alias -mPGOPTI_value_profile_use=T -mGLOB_opt_report_use_source_name -mP2OPT_il0_array_sections=TRUE -mP2OPT_hlo_level=2 -mP2OPT_hlo -mP2OPT_hpo_rtt_control=0 -mIPOPT_args_in_regs=0 -mP2OPT_disam_assume_nonstd_intent_in=FALSE -mGLOB_imf_mapping_library=/opt/intel/compilers_and_libraries_2018.3.185/mac/bin/intel64/libiml_attr.dylib -mIPOPT_single_file_compile_and_link=TRUE -mPGOPTI_gen_threadsafe_level=0 -mIPOPT_obj_output_file_name=/var/folders/fq/_1qxt_2s0mxg3tv39w5dprb1tx86zq/T/ifortukJhCp.o -mIPOPT_whole_archive_fixup_file_name=/var/folders/fq/_1qxt_2s0mxg3tv39w5dprb1tx86zq/T/ifortwarchQNwJqE -mGLOB_driver_tempfile_name=/var/folders/fq/_1qxt_2s0mxg3tv39w5dprb1tx86zq/T/iforttempfilezrVSsc -mGLOB_os_target=GLOB_OS_TARGET_MACH -mGLOB_async_unwind_tables=TRUE -mGLOB_obj_output_file=/var/folders/fq/_1qxt_2s0mxg3tv39w5dprb1tx86zq/T/ifortukJhCp.o -mGLOB_source_dialect=GLOB_SOURCE_DIALECT_FORTRAN -mP1OPT_source_file_name=CMakeFortranCompilerId.F -mP1OPT_full_source_file_name=/Users/nabbas/Documents/TurbineModels/NREL_5MW/5MW_Baseline/ServoData/DISCON/build/CMakeFiles/3.13.2/CompilerIdFortran/CMakeFortranCompilerId.F -mP2OPT_symtab_type_copy=true /var/folders/fq/_1qxt_2s0mxg3tv39w5dprb1tx86zq/T/ifortsjiwqq.i
#include "..." search starts here:
#include <...> search starts here:
 .
 /opt/intel/compilers_and_libraries_2018.3.185/mac/compiler/include/intel64
 /opt/intel/compilers_and_libraries_2018.3.185/mac/compiler/include/icc
 /opt/intel/compilers_and_libraries_2018.3.185/mac/compiler/include
 /Library/Developer/CommandLineTools/usr/lib/clang/9.0.0/include
 /usr/local/include
 /usr/include/
 /usr/include
End of search list.
/Library/Developer/CommandLineTools/usr/bin/ld    -dynamic -arch x86_64 -weak_reference_mismatches non-weak -macosx_version_min 10.12.6 -o a.out /opt/intel/compilers_and_libraries_2018.3.185/mac/compiler/lib/for_main.o -L/opt/intel/compilers_and_libraries_2018.3.185/mac/compiler/lib -L/usr/lib /var/folders/fq/_1qxt_2s0mxg3tv39w5dprb1tx86zq/T/ifortukJhCp.o /opt/intel/compilers_and_libraries_2018.3.185/mac/compiler/lib/libifport.a /opt/intel/compilers_and_libraries_2018.3.185/mac/compiler/lib/libifcoremt.a /opt/intel/compilers_and_libraries_2018.3.185/mac/compiler/lib/libimf.a /opt/intel/compilers_and_libraries_2018.3.185/mac/compiler/lib/libsvml.a /opt/intel/compilers_and_libraries_2018.3.185/mac/compiler/lib/libipgo.a -lSystem /opt/intel/compilers_and_libraries_2018.3.185/mac/compiler/lib/libirc.a -lpthread /opt/intel/compilers_and_libraries_2018.3.185/mac/compiler/lib/libsvml.a /Library/Developer/CommandLineTools/usr/lib/clang/9.0.0/lib/darwin/libclang_rt.osx.a


Compilation of the Fortran compiler identification source "CMakeFortranCompilerId.F" produced "a.out"

The Fortran compiler identification is Intel, found in "/Users/nabbas/Documents/TurbineModels/NREL_5MW/5MW_Baseline/ServoData/DISCON/build/CMakeFiles/3.13.2/CompilerIdFortran/a.out"

Determining if the Fortran compiler works passed with the following output:
Change Dir: /Users/nabbas/Documents/TurbineModels/NREL_5MW/5MW_Baseline/ServoData/DISCON/build/CMakeFiles/CMakeTmp

Run Build Command:"/usr/bin/make" "cmTC_8e779/fast"
/Library/Developer/CommandLineTools/usr/bin/make -f CMakeFiles/cmTC_8e779.dir/build.make CMakeFiles/cmTC_8e779.dir/build
Building Fortran object CMakeFiles/cmTC_8e779.dir/testFortranCompiler.f.o
/usr/local/bin/ifort    -c /Users/nabbas/Documents/TurbineModels/NREL_5MW/5MW_Baseline/ServoData/DISCON/build/CMakeFiles/CMakeTmp/testFortranCompiler.f -o CMakeFiles/cmTC_8e779.dir/testFortranCompiler.f.o
Linking Fortran executable cmTC_8e779
/usr/local/Cellar/cmake/3.13.2/bin/cmake -E cmake_link_script CMakeFiles/cmTC_8e779.dir/link.txt --verbose=1
/usr/local/bin/ifort      CMakeFiles/cmTC_8e779.dir/testFortranCompiler.f.o  -o cmTC_8e779 


Detecting Fortran compiler ABI info compiled with the following output:
Change Dir: /Users/nabbas/Documents/TurbineModels/NREL_5MW/5MW_Baseline/ServoData/DISCON/build/CMakeFiles/CMakeTmp

Run Build Command:"/usr/bin/make" "cmTC_66f9b/fast"
/Library/Developer/CommandLineTools/usr/bin/make -f CMakeFiles/cmTC_66f9b.dir/build.make CMakeFiles/cmTC_66f9b.dir/build
Building Fortran object CMakeFiles/cmTC_66f9b.dir/CMakeFortranCompilerABI.F.o
/usr/local/bin/ifort    -c /usr/local/Cellar/cmake/3.13.2/share/cmake/Modules/CMakeFortranCompilerABI.F -o CMakeFiles/cmTC_66f9b.dir/CMakeFortranCompilerABI.F.o
Linking Fortran executable cmTC_66f9b
/usr/local/Cellar/cmake/3.13.2/bin/cmake -E cmake_link_script CMakeFiles/cmTC_66f9b.dir/link.txt --verbose=1
/usr/local/bin/ifort   -v -Wl,-v   CMakeFiles/cmTC_66f9b.dir/CMakeFortranCompilerABI.F.o  -o cmTC_66f9b 
ifort version 18.0.3
/opt/intel/compilers_and_libraries_2018.3.185/mac/bin/intel64/fortcom    -mGLOB_em64t=TRUE -mP1OPT_version=18.0-intel64 -mGLOB_diag_file=CMakeFiles/cmTC_66f9b.dir/CMakeFortranCompilerABI.F.diag -mGLOB_diag_use_message_catalog=FALSE -mGLOB_long_size_64 -mGLOB_routine_pointer_size_64 -mGLOB_source_language=GLOB_SOURCE_LANGUAGE_F90 -mP2OPT_static_promotion -mP1OPT_print_version=FALSE -mCG_use_gas_got_workaround=F -mP2OPT_align_option_used=TRUE -mGLOB_gcc_version=490 "-mGLOB_options_string=-v -Wl,-v -o cmTC_66f9b" -mGLOB_position_independent_code -mGLOB_preemption_model=1 -mGLOB_no_compact_unwind=TRUE -mGLOB_cxx_limited_range=FALSE -mCG_extend_parms=FALSE -mGLOB_compiler_bin_directory=/opt/intel/compilers_and_libraries_2018.3.185/mac/bin/intel64 -mGLOB_as_output_backup_file_name=/var/folders/fq/_1qxt_2s0mxg3tv39w5dprb1tx86zq/T/ifortUqLqueas_.s -mGLOB_dashboard_use_source_name -mIPOPT_activate -mGLOB_product_id_code=0x22006d90 -mP3OPT_use_mspp_call_convention -mP2OPT_subs_out_of_bound=FALSE -mP2OPT_disam_type_based_disam=2 -mGLOB_ansi_alias -mPGOPTI_value_profile_use=T -mGLOB_opt_report_use_source_name -mP2OPT_il0_array_sections=TRUE -mP2OPT_hlo -mP2OPT_hpo_rtt_control=0 -mIPOPT_args_in_regs=0 -mP2OPT_disam_assume_nonstd_intent_in=FALSE -mGLOB_imf_mapping_library=/opt/intel/compilers_and_libraries_2018.3.185/mac/bin/intel64/libiml_attr.dylib -mPGOPTI_gen_threadsafe_level=0 -mIPOPT_link -mIPOPT_ipo_activate -mIPOPT_mo_activate -mIPOPT_source_files_list=/var/folders/fq/_1qxt_2s0mxg3tv39w5dprb1tx86zq/T/ifortslis3DmL5Q -mIPOPT_mo_global_data "-mIPOPT_cmdline_link="-dynamic" "-arch" "x86_64" "-weak_reference_mismatches" "non-weak" "-macosx_version_min" "10.12.6" "-no_compact_unwind" "-o" "cmTC_66f9b" "/opt/intel/compilers_and_libraries_2018.3.185/mac/compiler/lib/for_main.o" "-L/opt/intel/compilers_and_libraries_2018.3.185/mac/compiler/lib" "-L/usr/lib" "-v" "CMakeFiles/cmTC_66f9b.dir/CMakeFortranCompilerABI.F.o" "/opt/intel/compilers_and_libraries_2018.3.185/mac/compiler/lib/libifport.a" "/opt/intel/compilers_and_libraries_2018.3.185/mac/compiler/lib/libifcoremt.a" "/opt/intel/compilers_and_libraries_2018.3.185/mac/compiler/lib/libimf.a" "/opt/intel/compilers_and_libraries_2018.3.185/mac/compiler/lib/libsvml.a" "/opt/intel/compilers_and_libraries_2018.3.185/mac/compiler/lib/libipgo.a" "-lSystem" "/opt/intel/compilers_and_libraries_2018.3.185/mac/compiler/lib/libirc.a" "-lpthread" "/opt/intel/compilers_and_libraries_2018.3.185/mac/compiler/lib/libsvml.a" "/Library/Developer/CommandLineTools/usr/lib/clang/9.0.0/lib/darwin/libclang_rt.osx.a"" -mIPOPT_il_in_obj -mIPOPT_ipo_activate_warn=FALSE -mIPOPT_obj_output_file_name=/var/folders/fq/_1qxt_2s0mxg3tv39w5dprb1tx86zq/T/ipo_ifortSborOC.o -mIPOPT_whole_archive_fixup_file_name=/var/folders/fq/_1qxt_2s0mxg3tv39w5dprb1tx86zq/T/ifortwarch3uGeI8 -mGLOB_driver_tempfile_name=/var/folders/fq/_1qxt_2s0mxg3tv39w5dprb1tx86zq/T/iforttempfileYjZdAu -mGLOB_os_target=GLOB_OS_TARGET_MACH -mGLOB_async_unwind_tables=TRUE -mGLOB_obj_output_file=/var/folders/fq/_1qxt_2s0mxg3tv39w5dprb1tx86zq/T/ipo_ifortSborOC.o -mGLOB_source_dialect=GLOB_SOURCE_DIALECT_NONE -mP1OPT_source_file_name=ipo_out.f -mP2OPT_symtab_type_copy=true CMakeFiles/cmTC_66f9b.dir/CMakeFortranCompilerABI.F.o -mIPOPT_object_files=T -mIPOPT_assembly_files=/var/folders/fq/_1qxt_2s0mxg3tv39w5dprb1tx86zq/T/ifortalistjOXfM -mIPOPT_generated_tempfiles=/var/folders/fq/_1qxt_2s0mxg3tv39w5dprb1tx86zq/T/ifortelissmdQF8 -mIPOPT_embedded_object_base_name=/var/folders/fq/_1qxt_2s0mxg3tv39w5dprb1tx86zq/T/iforteobjcvelKn
/Library/Developer/CommandLineTools/usr/bin/ld    -dynamic -arch x86_64 -weak_reference_mismatches non-weak -macosx_version_min 10.12.6 -o cmTC_66f9b /opt/intel/compilers_and_libraries_2018.3.185/mac/compiler/lib/for_main.o -L/opt/intel/compilers_and_libraries_2018.3.185/mac/compiler/lib -L/usr/lib CMakeFiles/cmTC_66f9b.dir/CMakeFortranCompilerABI.F.o -v /opt/intel/compilers_and_libraries_2018.3.185/mac/compiler/lib/libifport.a /opt/intel/compilers_and_libraries_2018.3.185/mac/compiler/lib/libifcoremt.a /opt/intel/compilers_and_libraries_2018.3.185/mac/compiler/lib/libimf.a /opt/intel/compilers_and_libraries_2018.3.185/mac/compiler/lib/libsvml.a /opt/intel/compilers_and_libraries_2018.3.185/mac/compiler/lib/libipgo.a -lSystem /opt/intel/compilers_and_libraries_2018.3.185/mac/compiler/lib/libirc.a -lpthread /opt/intel/compilers_and_libraries_2018.3.185/mac/compiler/lib/libsvml.a /Library/Developer/CommandLineTools/usr/lib/clang/9.0.0/lib/darwin/libclang_rt.osx.a
@(#)PROGRAM:ld  PROJECT:ld64-305
configured to support archs: armv6 armv7 armv7s arm64 i386 x86_64 x86_64h armv6m armv7k armv7m armv7em (tvOS)
Library search paths:
	/opt/intel/compilers_and_libraries_2018.3.185/mac/compiler/lib
	/usr/lib
	/usr/lib
	/usr/local/lib
Framework search paths:
	/Library/Frameworks/
	/System/Library/Frameworks/


Parsed Fortran implicit link information from above output:
  link line regex: [^( *|.*[/\])(ld|CMAKE_LINK_STARTFILE-NOTFOUND|([^/\]+-)?ld|collect2)[^/\]*( |$)]
  ignore line: [Change Dir: /Users/nabbas/Documents/TurbineModels/NREL_5MW/5MW_Baseline/ServoData/DISCON/build/CMakeFiles/CMakeTmp]
  ignore line: []
  ignore line: [Run Build Command:"/usr/bin/make" "cmTC_66f9b/fast"]
  ignore line: [/Library/Developer/CommandLineTools/usr/bin/make -f CMakeFiles/cmTC_66f9b.dir/build.make CMakeFiles/cmTC_66f9b.dir/build]
  ignore line: [Building Fortran object CMakeFiles/cmTC_66f9b.dir/CMakeFortranCompilerABI.F.o]
  ignore line: [/usr/local/bin/ifort    -c /usr/local/Cellar/cmake/3.13.2/share/cmake/Modules/CMakeFortranCompilerABI.F -o CMakeFiles/cmTC_66f9b.dir/CMakeFortranCompilerABI.F.o]
  ignore line: [Linking Fortran executable cmTC_66f9b]
  ignore line: [/usr/local/Cellar/cmake/3.13.2/bin/cmake -E cmake_link_script CMakeFiles/cmTC_66f9b.dir/link.txt --verbose=1]
  ignore line: [/usr/local/bin/ifort   -v -Wl,-v   CMakeFiles/cmTC_66f9b.dir/CMakeFortranCompilerABI.F.o  -o cmTC_66f9b ]
  ignore line: [ifort version 18.0.3]
  ignore line: [/opt/intel/compilers_and_libraries_2018.3.185/mac/bin/intel64/fortcom    -mGLOB_em64t=TRUE -mP1OPT_version=18.0-intel64 -mGLOB_diag_file=CMakeFiles/cmTC_66f9b.dir/CMakeFortranCompilerABI.F.diag -mGLOB_diag_use_message_catalog=FALSE -mGLOB_long_size_64 -mGLOB_routine_pointer_size_64 -mGLOB_source_language=GLOB_SOURCE_LANGUAGE_F90 -mP2OPT_static_promotion -mP1OPT_print_version=FALSE -mCG_use_gas_got_workaround=F -mP2OPT_align_option_used=TRUE -mGLOB_gcc_version=490 "-mGLOB_options_string=-v -Wl,-v -o cmTC_66f9b" -mGLOB_position_independent_code -mGLOB_preemption_model=1 -mGLOB_no_compact_unwind=TRUE -mGLOB_cxx_limited_range=FALSE -mCG_extend_parms=FALSE -mGLOB_compiler_bin_directory=/opt/intel/compilers_and_libraries_2018.3.185/mac/bin/intel64 -mGLOB_as_output_backup_file_name=/var/folders/fq/_1qxt_2s0mxg3tv39w5dprb1tx86zq/T/ifortUqLqueas_.s -mGLOB_dashboard_use_source_name -mIPOPT_activate -mGLOB_product_id_code=0x22006d90 -mP3OPT_use_mspp_call_convention -mP2OPT_subs_out_of_bound=FALSE -mP2OPT_disam_type_based_disam=2 -mGLOB_ansi_alias -mPGOPTI_value_profile_use=T -mGLOB_opt_report_use_source_name -mP2OPT_il0_array_sections=TRUE -mP2OPT_hlo -mP2OPT_hpo_rtt_control=0 -mIPOPT_args_in_regs=0 -mP2OPT_disam_assume_nonstd_intent_in=FALSE -mGLOB_imf_mapping_library=/opt/intel/compilers_and_libraries_2018.3.185/mac/bin/intel64/libiml_attr.dylib -mPGOPTI_gen_threadsafe_level=0 -mIPOPT_link -mIPOPT_ipo_activate -mIPOPT_mo_activate -mIPOPT_source_files_list=/var/folders/fq/_1qxt_2s0mxg3tv39w5dprb1tx86zq/T/ifortslis3DmL5Q -mIPOPT_mo_global_data "-mIPOPT_cmdline_link="-dynamic" "-arch" "x86_64" "-weak_reference_mismatches" "non-weak" "-macosx_version_min" "10.12.6" "-no_compact_unwind" "-o" "cmTC_66f9b" "/opt/intel/compilers_and_libraries_2018.3.185/mac/compiler/lib/for_main.o" "-L/opt/intel/compilers_and_libraries_2018.3.185/mac/compiler/lib" "-L/usr/lib" "-v" "CMakeFiles/cmTC_66f9b.dir/CMakeFortranCompilerABI.F.o" "/opt/intel/compilers_and_libraries_2018.3.185/mac/compiler/lib/libifport.a" "/opt/intel/compilers_and_libraries_2018.3.185/mac/compiler/lib/libifcoremt.a" "/opt/intel/compilers_and_libraries_2018.3.185/mac/compiler/lib/libimf.a" "/opt/intel/compilers_and_libraries_2018.3.185/mac/compiler/lib/libsvml.a" "/opt/intel/compilers_and_libraries_2018.3.185/mac/compiler/lib/libipgo.a" "-lSystem" "/opt/intel/compilers_and_libraries_2018.3.185/mac/compiler/lib/libirc.a" "-lpthread" "/opt/intel/compilers_and_libraries_2018.3.185/mac/compiler/lib/libsvml.a" "/Library/Developer/CommandLineTools/usr/lib/clang/9.0.0/lib/darwin/libclang_rt.osx.a"" -mIPOPT_il_in_obj -mIPOPT_ipo_activate_warn=FALSE -mIPOPT_obj_output_file_name=/var/folders/fq/_1qxt_2s0mxg3tv39w5dprb1tx86zq/T/ipo_ifortSborOC.o -mIPOPT_whole_archive_fixup_file_name=/var/folders/fq/_1qxt_2s0mxg3tv39w5dprb1tx86zq/T/ifortwarch3uGeI8 -mGLOB_driver_tempfile_name=/var/folders/fq/_1qxt_2s0mxg3tv39w5dprb1tx86zq/T/iforttempfileYjZdAu -mGLOB_os_target=GLOB_OS_TARGET_MACH -mGLOB_async_unwind_tables=TRUE -mGLOB_obj_output_file=/var/folders/fq/_1qxt_2s0mxg3tv39w5dprb1tx86zq/T/ipo_ifortSborOC.o -mGLOB_source_dialect=GLOB_SOURCE_DIALECT_NONE -mP1OPT_source_file_name=ipo_out.f -mP2OPT_symtab_type_copy=true CMakeFiles/cmTC_66f9b.dir/CMakeFortranCompilerABI.F.o -mIPOPT_object_files=T -mIPOPT_assembly_files=/var/folders/fq/_1qxt_2s0mxg3tv39w5dprb1tx86zq/T/ifortalistjOXfM -mIPOPT_generated_tempfiles=/var/folders/fq/_1qxt_2s0mxg3tv39w5dprb1tx86zq/T/ifortelissmdQF8 -mIPOPT_embedded_object_base_name=/var/folders/fq/_1qxt_2s0mxg3tv39w5dprb1tx86zq/T/iforteobjcvelKn]
  link line: [/Library/Developer/CommandLineTools/usr/bin/ld    -dynamic -arch x86_64 -weak_reference_mismatches non-weak -macosx_version_min 10.12.6 -o cmTC_66f9b /opt/intel/compilers_and_libraries_2018.3.185/mac/compiler/lib/for_main.o -L/opt/intel/compilers_and_libraries_2018.3.185/mac/compiler/lib -L/usr/lib CMakeFiles/cmTC_66f9b.dir/CMakeFortranCompilerABI.F.o -v /opt/intel/compilers_and_libraries_2018.3.185/mac/compiler/lib/libifport.a /opt/intel/compilers_and_libraries_2018.3.185/mac/compiler/lib/libifcoremt.a /opt/intel/compilers_and_libraries_2018.3.185/mac/compiler/lib/libimf.a /opt/intel/compilers_and_libraries_2018.3.185/mac/compiler/lib/libsvml.a /opt/intel/compilers_and_libraries_2018.3.185/mac/compiler/lib/libipgo.a -lSystem /opt/intel/compilers_and_libraries_2018.3.185/mac/compiler/lib/libirc.a -lpthread /opt/intel/compilers_and_libraries_2018.3.185/mac/compiler/lib/libsvml.a /Library/Developer/CommandLineTools/usr/lib/clang/9.0.0/lib/darwin/libclang_rt.osx.a]
    arg [/Library/Developer/CommandLineTools/usr/bin/ld] ==> ignore
    arg [-dynamic] ==> ignore
    arg [-arch] ==> ignore
    arg [x86_64] ==> ignore
    arg [-weak_reference_mismatches] ==> ignore
    arg [non-weak] ==> ignore
    arg [-macosx_version_min] ==> ignore
    arg [10.12.6] ==> ignore
    arg [-o] ==> ignore
    arg [cmTC_66f9b] ==> ignore
    arg [/opt/intel/compilers_and_libraries_2018.3.185/mac/compiler/lib/for_main.o] ==> ignore
    arg [-L/opt/intel/compilers_and_libraries_2018.3.185/mac/compiler/lib] ==> dir [/opt/intel/compilers_and_libraries_2018.3.185/mac/compiler/lib]
    arg [-L/usr/lib] ==> dir [/usr/lib]
    arg [CMakeFiles/cmTC_66f9b.dir/CMakeFortranCompilerABI.F.o] ==> ignore
    arg [-v] ==> ignore
    arg [/opt/intel/compilers_and_libraries_2018.3.185/mac/compiler/lib/libifport.a] ==> lib [/opt/intel/compilers_and_libraries_2018.3.185/mac/compiler/lib/libifport.a]
    arg [/opt/intel/compilers_and_libraries_2018.3.185/mac/compiler/lib/libifcoremt.a] ==> lib [/opt/intel/compilers_and_libraries_2018.3.185/mac/compiler/lib/libifcoremt.a]
    arg [/opt/intel/compilers_and_libraries_2018.3.185/mac/compiler/lib/libimf.a] ==> lib [/opt/intel/compilers_and_libraries_2018.3.185/mac/compiler/lib/libimf.a]
    arg [/opt/intel/compilers_and_libraries_2018.3.185/mac/compiler/lib/libsvml.a] ==> lib [/opt/intel/compilers_and_libraries_2018.3.185/mac/compiler/lib/libsvml.a]
    arg [/opt/intel/compilers_and_libraries_2018.3.185/mac/compiler/lib/libipgo.a] ==> lib [/opt/intel/compilers_and_libraries_2018.3.185/mac/compiler/lib/libipgo.a]
    arg [-lSystem] ==> lib [System]
    arg [/opt/intel/compilers_and_libraries_2018.3.185/mac/compiler/lib/libirc.a] ==> lib [/opt/intel/compilers_and_libraries_2018.3.185/mac/compiler/lib/libirc.a]
    arg [-lpthread] ==> lib [pthread]
    arg [/opt/intel/compilers_and_libraries_2018.3.185/mac/compiler/lib/libsvml.a] ==> lib [/opt/intel/compilers_and_libraries_2018.3.185/mac/compiler/lib/libsvml.a]
    arg [/Library/Developer/CommandLineTools/usr/lib/clang/9.0.0/lib/darwin/libclang_rt.osx.a] ==> lib [/Library/Developer/CommandLineTools/usr/lib/clang/9.0.0/lib/darwin/libclang_rt.osx.a]
  Library search paths: [;/opt/intel/compilers_and_libraries_2018.3.185/mac/compiler/lib;/usr/lib;/usr/lib;/usr/local/lib]
  Framework search paths: [;/Library/Frameworks/;/System/Library/Frameworks/]
  remove lib [System]
  remove lib [/Library/Developer/CommandLineTools/usr/lib/clang/9.0.0/lib/darwin/libclang_rt.osx.a]
  collapse library dir [/opt/intel/compilers_and_libraries_2018.3.185/mac/compiler/lib] ==> [/opt/intel/compilers_and_libraries_2018.3.185/mac/compiler/lib]
  collapse library dir [/usr/lib] ==> [/usr/lib]
  collapse library dir [/opt/intel/compilers_and_libraries_2018.3.185/mac/compiler/lib] ==> [/opt/intel/compilers_and_libraries_2018.3.185/mac/compiler/lib]
  collapse library dir [/usr/lib] ==> [/usr/lib]
  collapse library dir [/usr/lib] ==> [/usr/lib]
  collapse library dir [/usr/local/lib] ==> [/usr/local/lib]
  collapse framework dir [/Library/Frameworks/] ==> [/Library/Frameworks]
  collapse framework dir [/System/Library/Frameworks/] ==> [/System/Library/Frameworks]
  implicit libs: [/opt/intel/compilers_and_libraries_2018.3.185/mac/compiler/lib/libifport.a;/opt/intel/compilers_and_libraries_2018.3.185/mac/compiler/lib/libifcoremt.a;/opt/intel/compilers_and_libraries_2018.3.185/mac/compiler/lib/libimf.a;/opt/intel/compilers_and_libraries_2018.3.185/mac/compiler/lib/libsvml.a;/opt/intel/compilers_and_libraries_2018.3.185/mac/compiler/lib/libipgo.a;/opt/intel/compilers_and_libraries_2018.3.185/mac/compiler/lib/libirc.a;pthread;/opt/intel/compilers_and_libraries_2018.3.185/mac/compiler/lib/libsvml.a]
  implicit dirs: [/opt/intel/compilers_and_libraries_2018.3.185/mac/compiler/lib;/usr/lib;/usr/local/lib]
  implicit fwks: [/Library/Frameworks;/System/Library/Frameworks]


Determining if the Fortran compiler supports Fortran 90 passed with the following output:
Change Dir: /Users/nabbas/Documents/TurbineModels/NREL_5MW/5MW_Baseline/ServoData/DISCON/build/CMakeFiles/CMakeTmp

Run Build Command:"/usr/bin/make" "cmTC_c4913/fast"
/Library/Developer/CommandLineTools/usr/bin/make -f CMakeFiles/cmTC_c4913.dir/build.make CMakeFiles/cmTC_c4913.dir/build
Building Fortran object CMakeFiles/cmTC_c4913.dir/testFortranCompilerF90.f90.o
/usr/local/bin/ifort    -c /Users/nabbas/Documents/TurbineModels/NREL_5MW/5MW_Baseline/ServoData/DISCON/build/CMakeFiles/CMakeTmp/testFortranCompilerF90.f90 -o CMakeFiles/cmTC_c4913.dir/testFortranCompilerF90.f90.o
Linking Fortran executable cmTC_c4913
/usr/local/Cellar/cmake/3.13.2/bin/cmake -E cmake_link_script CMakeFiles/cmTC_c4913.dir/link.txt --verbose=1
/usr/local/bin/ifort      CMakeFiles/cmTC_c4913.dir/testFortranCompilerF90.f90.o  -o cmTC_c4913 


